<?xml version="1.0" encoding="UTF-8"?>
<testsuite xmlns:xsi="http://www.w3.org/2001/XMLSchema-instance" xsi:noNamespaceSchemaLocation="https://maven.apache.org/surefire/maven-surefire-plugin/xsd/surefire-test-report.xsd" name="io.unittesting.MathUtilsTest" time="0.063" tests="6" errors="0" skipped="2" failures="0">
  <properties>
[...]
</properties>
  <testcase name="divide" classname="io.unittesting.MathUtilsTest" time="0.015"/>
  <testcase name="testFail" classname="io.unittesting.MathUtilsTest" time="0">
    <skipped message="void io.unittesting.MathUtilsTest.testFail() is @Disabled"/>
  </testcase>
  <testcase name="add" classname="io.unittesting.MathUtilsTest" time="0"/>
  <testcase name="testcomputeCircleArea" classname="io.unittesting.MathUtilsTest" time="0"/>
  <testcase name="multiple" classname="io.unittesting.MathUtilsTest" time="0"/>
  <testcase name="serverUp" classname="io.unittesting.MathUtilsTest" time="0">
    <skipped message="Assumption failed: assumption is not true" type="org.opentest4j.TestAbortedException">org.opentest4j.TestAbortedException: Assumption failed: assumption is not true
	at io.unittesting.MathUtilsTest.serverUp(MathUtilsTest.java:104)
</skipped>
    <system-out><![CDATA[Cleaning Up.....
]]></system-out>
  </testcase>
</testsuite>